#
# There is insufficient memory for the Java Runtime Environment to continue.
# Cannot create GC thread. Out of system resources.
# Possible reasons:
#   The system is out of physical RAM or swap space
#   In 32 bit mode, the process size limit was hit
# Possible solutions:
#   Reduce memory load on the system
#   Increase physical memory or swap space
#   Check if swap backing store is full
#   Use 64 bit Java on a 64 bit OS
#   Decrease Java heap size (-Xmx/-Xms)
#   Decrease number of Java threads
#   Decrease Java thread stack sizes (-Xss)
#   Set larger code cache with -XX:ReservedCodeCacheSize=
# This output file may be truncated or incomplete.
#
#  Out of Memory Error (gcTaskThread.cpp:46), pid=8133, tid=47304539253056
#
# JRE version: 7.0_17-b02
# Java VM: Java HotSpot(TM) 64-Bit Server VM (23.7-b01 mixed mode linux-amd64 compressed oops)
# Failed to write core dump. Core dumps have been disabled. To enable core dumping, try "ulimit -c unlimited" before starting Java again
#

---------------  T H R E A D  ---------------

Current thread (0x000000000e753800):  JavaThread "Unknown thread" [_thread_in_vm, id=8134, stack(0x00002b05f2322000,0x00002b05f2423000)]

Stack: [0x00002b05f2322000,0x00002b05f2423000],  sp=0x00002b05f2421840,  free space=1022k
Native frames: (J=compiled Java code, j=interpreted, Vv=VM code, C=native code)
V  [libjvm.so+0x8a540a]  VMError::report_and_die()+0x2ea
V  [libjvm.so+0x40abfb]  report_vm_out_of_memory(char const*, int, unsigned long, char const*)+0x9b
V  [libjvm.so+0x4b78fa]  GCTaskThread::GCTaskThread(GCTaskManager*, unsigned int, unsigned int)+0xfa
V  [libjvm.so+0x4b62f6]  GCTaskManager::initialize()+0x206
V  [libjvm.so+0x76075f]  ParallelScavengeHeap::initialize()+0x6cf
V  [libjvm.so+0x87d7f8]  Universe::initialize_heap()+0xb8
V  [libjvm.so+0x87fecd]  universe_init()+0x7d
V  [libjvm.so+0x503d25]  init_globals()+0x65
V  [libjvm.so+0x867052]  Threads::create_vm(JavaVMInitArgs*, bool*)+0x1e2
V  [libjvm.so+0x563c34]  JNI_CreateJavaVM+0x74
C  [libjli.so+0x2f8e]  JavaMain+0x9e


---------------  P R O C E S S  ---------------

Java Threads: ( => current thread )

Other Threads:

=>0x000000000e753800 (exited) JavaThread "Unknown thread" [_thread_in_vm, id=8134, stack(0x00002b05f2322000,0x00002b05f2423000)]

VM state:not at safepoint (not fully initialized)

VM Mutex/Monitor currently owned by a thread: None

GC Heap History (0 events):
No events

Deoptimization events (0 events):
No events

Internal exceptions (0 events):
No events

Events (0 events):
No events


Dynamic libraries:
00400000-00401000 r-xp 00000000 09:00 19079794                           /usr/csshare/pkgs/jdk1.7.0_17/bin/java.real
00600000-00601000 rw-p 00000000 09:00 19079794                           /usr/csshare/pkgs/jdk1.7.0_17/bin/java.real
0e74a000-0e78c000 rw-p 0e74a000 00:00 0                                  [heap]
dae00000-dc2c0000 rw-p dae00000 00:00 0 
dc2c0000-e0000000 rw-p dc2c0000 00:00 0 
e0000000-100000000 rw-p e0000000 00:00 0 
3a57200000-3a5721c000 r-xp 00000000 09:00 41615568                       /lib64/ld-2.5.so
3a5741c000-3a5741d000 r--p 0001c000 09:00 41615568                       /lib64/ld-2.5.so
3a5741d000-3a5741e000 rw-p 0001d000 09:00 41615568                       /lib64/ld-2.5.so
3a57600000-3a5774f000 r-xp 00000000 09:00 41618222                       /lib64/libc-2.5.so
3a5774f000-3a5794f000 ---p 0014f000 09:00 41618222                       /lib64/libc-2.5.so
3a5794f000-3a57953000 r--p 0014f000 09:00 41618222                       /lib64/libc-2.5.so
3a57953000-3a57954000 rw-p 00153000 09:00 41618222                       /lib64/libc-2.5.so
3a57954000-3a57959000 rw-p 3a57954000 00:00 0 
3a57a00000-3a57a82000 r-xp 00000000 09:00 41618938                       /lib64/libm-2.5.so
3a57a82000-3a57c81000 ---p 00082000 09:00 41618938                       /lib64/libm-2.5.so
3a57c81000-3a57c82000 r--p 00081000 09:00 41618938                       /lib64/libm-2.5.so
3a57c82000-3a57c83000 rw-p 00082000 09:00 41618938                       /lib64/libm-2.5.so
3a57e00000-3a57e02000 r-xp 00000000 09:00 41618941                       /lib64/libdl-2.5.so
3a57e02000-3a58002000 ---p 00002000 09:00 41618941                       /lib64/libdl-2.5.so
3a58002000-3a58003000 r--p 00002000 09:00 41618941                       /lib64/libdl-2.5.so
3a58003000-3a58004000 rw-p 00003000 09:00 41618941                       /lib64/libdl-2.5.so
3a58600000-3a58616000 r-xp 00000000 09:00 41619823                       /lib64/libpthread-2.5.so
3a58616000-3a58816000 ---p 00016000 09:00 41619823                       /lib64/libpthread-2.5.so
3a58816000-3a58817000 r--p 00016000 09:00 41619823                       /lib64/libpthread-2.5.so
3a58817000-3a58818000 rw-p 00017000 09:00 41619823                       /lib64/libpthread-2.5.so
3a58818000-3a5881c000 rw-p 3a58818000 00:00 0 
3a5be00000-3a5be07000 r-xp 00000000 09:00 41619824                       /lib64/librt-2.5.so
3a5be07000-3a5c007000 ---p 00007000 09:00 41619824                       /lib64/librt-2.5.so
3a5c007000-3a5c008000 r--p 00007000 09:00 41619824                       /lib64/librt-2.5.so
3a5c008000-3a5c009000 rw-p 00008000 09:00 41619824                       /lib64/librt-2.5.so
3a61800000-3a61815000 r-xp 00000000 09:00 41619843                       /lib64/libnsl-2.5.so
3a61815000-3a61a14000 ---p 00015000 09:00 41619843                       /lib64/libnsl-2.5.so
3a61a14000-3a61a15000 r--p 00014000 09:00 41619843                       /lib64/libnsl-2.5.so
3a61a15000-3a61a16000 rw-p 00015000 09:00 41619843                       /lib64/libnsl-2.5.so
3a61a16000-3a61a18000 rw-p 3a61a16000 00:00 0 
2b05f13af000-2b05f13b1000 rw-p 2b05f13af000 00:00 0 
2b05f13e2000-2b05f13f8000 r-xp 00000000 09:00 19079633                   /usr/csshare/pkgs/jdk1.7.0_17/jre/lib/amd64/jli/libjli.so
2b05f13f8000-2b05f15f8000 ---p 00016000 09:00 19079633                   /usr/csshare/pkgs/jdk1.7.0_17/jre/lib/amd64/jli/libjli.so
2b05f15f8000-2b05f15f9000 rw-p 00016000 09:00 19079633                   /usr/csshare/pkgs/jdk1.7.0_17/jre/lib/amd64/jli/libjli.so
2b05f15f9000-2b05f15fc000 rw-p 2b05f15f9000 00:00 0 
2b05f15fc000-2b05f2043000 r-xp 00000000 09:00 19079670                   /usr/csshare/pkgs/jdk1.7.0_17/jre/lib/amd64/server/libjvm.so
2b05f2043000-2b05f2243000 ---p 00a47000 09:00 19079670                   /usr/csshare/pkgs/jdk1.7.0_17/jre/lib/amd64/server/libjvm.so
2b05f2243000-2b05f22e6000 rw-p 00a47000 09:00 19079670                   /usr/csshare/pkgs/jdk1.7.0_17/jre/lib/amd64/server/libjvm.so
2b05f22e6000-2b05f2322000 rw-p 2b05f22e6000 00:00 0 
2b05f2322000-2b05f2325000 ---p 2b05f2322000 00:00 0 
2b05f2325000-2b05f2423000 rw-p 2b05f2325000 00:00 0 
2b05f2423000-2b05f2430000 r-xp 00000000 09:00 19079658                   /usr/csshare/pkgs/jdk1.7.0_17/jre/lib/amd64/libverify.so
2b05f2430000-2b05f262f000 ---p 0000d000 09:00 19079658                   /usr/csshare/pkgs/jdk1.7.0_17/jre/lib/amd64/libverify.so
2b05f262f000-2b05f2631000 rw-p 0000c000 09:00 19079658                   /usr/csshare/pkgs/jdk1.7.0_17/jre/lib/amd64/libverify.so
2b05f2631000-2b05f265a000 r-xp 00000000 09:00 19079655                   /usr/csshare/pkgs/jdk1.7.0_17/jre/lib/amd64/libjava.so
2b05f265a000-2b05f285a000 ---p 00029000 09:00 19079655                   /usr/csshare/pkgs/jdk1.7.0_17/jre/lib/amd64/libjava.so
2b05f285a000-2b05f285c000 rw-p 00029000 09:00 19079655                   /usr/csshare/pkgs/jdk1.7.0_17/jre/lib/amd64/libjava.so
2b05f285c000-2b05f285d000 r--p 2b05f285c000 00:00 0 
2b05f285d000-2b05f285e000 rw-p 2b05f285d000 00:00 0 
2b05f285e000-2b05f2866000 rw-s 00000000 09:00 38535618                   /tmp/hsperfdata_jpadi004/8133
2b05f288f000-2b05f2899000 r-xp 00000000 09:00 41618949                   /lib64/libnss_files-2.5.so
2b05f2899000-2b05f2a98000 ---p 0000a000 09:00 41618949                   /lib64/libnss_files-2.5.so
2b05f2a98000-2b05f2a99000 r--p 00009000 09:00 41618949                   /lib64/libnss_files-2.5.so
2b05f2a99000-2b05f2a9a000 rw-p 0000a000 09:00 41618949                   /lib64/libnss_files-2.5.so
2b05f2a9a000-2b05f2aa4000 r-xp 00000000 09:00 41618940                   /lib64/libnss_nis-2.5.so
2b05f2aa4000-2b05f2ca3000 ---p 0000a000 09:00 41618940                   /lib64/libnss_nis-2.5.so
2b05f2ca3000-2b05f2ca4000 r--p 00009000 09:00 41618940                   /lib64/libnss_nis-2.5.so
2b05f2ca4000-2b05f2ca5000 rw-p 0000a000 09:00 41618940                   /lib64/libnss_nis-2.5.so
2b05f2ca5000-2b05f2cbf000 r-xp 00000000 09:00 19079618                   /usr/csshare/pkgs/jdk1.7.0_17/jre/lib/amd64/libzip.so
2b05f2cbf000-2b05f2ebf000 ---p 0001a000 09:00 19079618                   /usr/csshare/pkgs/jdk1.7.0_17/jre/lib/amd64/libzip.so
2b05f2ebf000-2b05f2ec0000 rw-p 0001a000 09:00 19079618                   /usr/csshare/pkgs/jdk1.7.0_17/jre/lib/amd64/libzip.so
2b05f2ec0000-2b05f3130000 rwxp 2b05f2ec0000 00:00 0 
2b05f3130000-2b05f5ec0000 rw-p 2b05f3130000 00:00 0 
2b05f5ec0000-2b05f5eca000 rw-p 2b05f5ec0000 00:00 0 
2b05f5eca000-2b05f5f80000 rw-p 2b05f5eca000 00:00 0 
2b05f5f80000-2b05f5f8b000 rw-p 2b05f5f80000 00:00 0 
2b05f5f8b000-2b05f5fa9000 rw-p 2b05f5f8b000 00:00 0 
2b05f5fa9000-2b05f6160000 rw-p 2b05f5fa9000 00:00 0 
2b05f6160000-2b05f617e000 rw-p 2b05f6160000 00:00 0 
2b05f617e000-2b05f617f000 ---p 2b05f617e000 00:00 0 
2b05f617f000-2b05f627f000 rw-p 2b05f617f000 00:00 0 
2b05f627f000-2b05f6280000 ---p 2b05f627f000 00:00 0 
2b05f6280000-2b05f6380000 rw-p 2b05f6280000 00:00 0 
2b05f6380000-2b05f6381000 ---p 2b05f6380000 00:00 0 
2b05f6381000-2b05f6481000 rw-p 2b05f6381000 00:00 0 
2b05f6481000-2b05f6482000 ---p 2b05f6481000 00:00 0 
2b05f6482000-2b05f6582000 rw-p 2b05f6482000 00:00 0 
2b05f6582000-2b05f6583000 ---p 2b05f6582000 00:00 0 
2b05f6583000-2b05f6683000 rw-p 2b05f6583000 00:00 0 
2b05f6683000-2b05f6684000 ---p 2b05f6683000 00:00 0 
2b05f6684000-2b05f6784000 rw-p 2b05f6684000 00:00 0 
2b05f6784000-2b05f6785000 ---p 2b05f6784000 00:00 0 
2b05f6785000-2b05f6885000 rw-p 2b05f6785000 00:00 0 
2b05f6885000-2b05f6886000 ---p 2b05f6885000 00:00 0 
2b05f6886000-2b05f6986000 rw-p 2b05f6886000 00:00 0 
2b05f6986000-2b05f6987000 ---p 2b05f6986000 00:00 0 
2b05f6987000-2b05f6a87000 rw-p 2b05f6987000 00:00 0 
2b05f6a87000-2b05f6a88000 ---p 2b05f6a87000 00:00 0 
2b05f6a88000-2b05f6b88000 rw-p 2b05f6a88000 00:00 0 
2b05f6b88000-2b05f6b89000 ---p 2b05f6b88000 00:00 0 
2b05f6b89000-2b05f6e82000 rw-p 2b05f6b89000 00:00 0 
7fffe6f53000-7fffe6f68000 rw-p 7ffffffe9000 00:00 0                      [stack]
7fffe6ffd000-7fffe7000000 r-xp 7fffe6ffd000 00:00 0                      [vdso]
ffffffffff600000-ffffffffffe00000 ---p 00000000 00:00 0                  [vsyscall]

VM Arguments:
jvm_args: -Xmx512m -Xms512m 
java_command: ProfNetwork mydb 1337 jpadi004
Launcher Type: SUN_STANDARD

Environment Variables:
JAVA_HOME=/usr/csshare/pkgs/jdk1.7.0_17
PATH=/usr/csshare/pkgs/jdk1.7.0_17/bin:/home/csmajs/jpadi004/bin:/usr/csshare/bin:/usr/csshare/sbin:/usr/bin/:/bin:/usr/local/bin:/usr/ucb:/sbin:/usr/sbin:/usr/local/sbin:/usr/bin/X11:/usr/X11R6/bin:/usr/local/X11:/usr/local/bin/X11:/usr/openwin/bin:.
SHELL=/bin/bash
DISPLAY=:1010.0

Signal Handlers:
SIGSEGV: [libjvm.so+0x8a5d70], sa_mask[0]=0x7ffbfeff, sa_flags=0x10000004
SIGBUS: [libjvm.so+0x8a5d70], sa_mask[0]=0x7ffbfeff, sa_flags=0x10000004
SIGFPE: [libjvm.so+0x741e50], sa_mask[0]=0x7ffbfeff, sa_flags=0x10000004
SIGPIPE: [libjvm.so+0x741e50], sa_mask[0]=0x7ffbfeff, sa_flags=0x10000004
SIGXFSZ: [libjvm.so+0x741e50], sa_mask[0]=0x7ffbfeff, sa_flags=0x10000004
SIGILL: [libjvm.so+0x741e50], sa_mask[0]=0x7ffbfeff, sa_flags=0x10000004
SIGUSR1: SIG_DFL, sa_mask[0]=0x00000000, sa_flags=0x00000000
SIGUSR2: [libjvm.so+0x7417a0], sa_mask[0]=0x00000000, sa_flags=0x10000004
SIGHUP: SIG_DFL, sa_mask[0]=0x00000000, sa_flags=0x00000000
SIGINT: SIG_DFL, sa_mask[0]=0x00000000, sa_flags=0x00000000
SIGTERM: SIG_DFL, sa_mask[0]=0x00000000, sa_flags=0x00000000
SIGQUIT: SIG_IGN, sa_mask[0]=0x00000000, sa_flags=0x00000000


---------------  S Y S T E M  ---------------

OS:CentOS release 5.11 (Final)

uname:Linux 2.6.18-404.el5 #1 SMP Tue Apr 7 12:42:54 EDT 2015 x86_64
libc:glibc 2.5 NPTL 2.5 
rlimit: STACK 10240k, CORE 0k, NPROC 150, NOFILE 800, AS infinity
load average:0.78 0.46 0.50

/proc/meminfo:
MemTotal:     264285368 kB
MemFree:      236045352 kB
Buffers:        677856 kB
Cached:       24231300 kB
SwapCached:          0 kB
Active:       16042180 kB
Inactive:     10608312 kB
HighTotal:           0 kB
HighFree:            0 kB
LowTotal:     264285368 kB
LowFree:      236045352 kB
SwapTotal:    23438072 kB
SwapFree:     23438072 kB
Dirty:            9624 kB
Writeback:           0 kB
AnonPages:     1741396 kB
Mapped:         303528 kB
Slab:          1262312 kB
PageTables:     189084 kB
NFS_Unstable:        0 kB
Bounce:              0 kB
CommitLimit:  155580756 kB
Committed_AS:  6107868 kB
VmallocTotal: 34359738367 kB
VmallocUsed:    277604 kB
VmallocChunk: 34359457863 kB
HugePages_Total:     0
HugePages_Free:      0
HugePages_Rsvd:      0
Hugepagesize:     2048 kB


CPU:total 48 (12 cores per cpu, 1 threads per core) family 16 model 9 stepping 1, cmov, cx8, fxsr, mmx, sse, sse2, sse3, popcnt, mmxext, 3dnowpref, lzcnt, sse4a, tsc, tscinvbit, tscinv

/proc/cpuinfo:
processor	: 0
vendor_id	: AuthenticAMD
cpu family	: 16
model		: 9
model name	: AMD Opteron(tm) Processor 6168
stepping	: 1
cpu MHz		: 1900.000
cache size	: 512 KB
physical id	: 1
siblings	: 12
core id		: 0
cpu cores	: 12
apicid		: 16
fpu		: yes
fpu_exception	: yes
cpuid level	: 5
wp		: yes
flags		: fpu vme de pse tsc msr pae mce cx8 apic sep mtrr pge mca cmov pat pse36 clflush mmx fxsr sse sse2 ht syscall nx mmxext fxsr_opt pdpe1gb rdtscp lm 3dnowext 3dnow rep_good constant_tsc nonstop_tsc amd_dcm pni cx16 popcnt lahf_lm cmp_legacy svm extapic cr8_legacy abm sse4a misalignsse 3dnowprefetch osvw ibs skinit wdt nodeid_msr
bogomips	: 3799.99
TLB size	: 1024 4K pages
clflush size	: 64
cache_alignment	: 64
address sizes	: 48 bits physical, 48 bits virtual
power management: ts ttp tm stc 100mhzsteps hwpstate [8]

processor	: 1
vendor_id	: AuthenticAMD
cpu family	: 16
model		: 9
model name	: AMD Opteron(tm) Processor 6168
stepping	: 1
cpu MHz		: 1900.000
cache size	: 512 KB
physical id	: 1
siblings	: 12
core id		: 1
cpu cores	: 12
apicid		: 17
fpu		: yes
fpu_exception	: yes
cpuid level	: 5
wp		: yes
flags		: fpu vme de pse tsc msr pae mce cx8 apic sep mtrr pge mca cmov pat pse36 clflush mmx fxsr sse sse2 ht syscall nx mmxext fxsr_opt pdpe1gb rdtscp lm 3dnowext 3dnow rep_good constant_tsc nonstop_tsc amd_dcm pni cx16 popcnt lahf_lm cmp_legacy svm extapic cr8_legacy abm sse4a misalignsse 3dnowprefetch osvw ibs skinit wdt nodeid_msr
bogomips	: 3801.26
TLB size	: 1024 4K pages
clflush size	: 64
cache_alignment	: 64
address sizes	: 48 bits physical, 48 bits virtual
power management: ts ttp tm stc 100mhzsteps hwpstate [8]

processor	: 2
vendor_id	: AuthenticAMD
cpu family	: 16
model		: 9
model name	: AMD Opteron(tm) Processor 6168
stepping	: 1
cpu MHz		: 1900.000
cache size	: 512 KB
physical id	: 1
siblings	: 12
core id		: 2
cpu cores	: 12
apicid		: 18
fpu		: yes
fpu_exception	: yes
cpuid level	: 5
wp		: yes
flags		: fpu vme de pse tsc msr pae mce cx8 apic sep mtrr pge mca cmov pat pse36 clflush mmx fxsr sse sse2 ht syscall nx mmxext fxsr_opt pdpe1gb rdtscp lm 3dnowext 3dnow rep_good constant_tsc nonstop_tsc amd_dcm pni cx16 popcnt lahf_lm cmp_legacy svm extapic cr8_legacy abm sse4a misalignsse 3dnowprefetch osvw ibs skinit wdt nodeid_msr
bogomips	: 3801.39
TLB size	: 1024 4K pages
clflush size	: 64
cache_alignment	: 64
address sizes	: 48 bits physical, 48 bits virtual
power management: ts ttp tm stc 100mhzsteps hwpstate [8]

processor	: 3
vendor_id	: AuthenticAMD
cpu family	: 16
model		: 9
model name	: AMD Opteron(tm) Processor 6168
stepping	: 1
cpu MHz		: 1900.000
cache size	: 512 KB
physical id	: 1
siblings	: 12
core id		: 3
cpu cores	: 12
apicid		: 19
fpu		: yes
fpu_exception	: yes
cpuid level	: 5
wp		: yes
flags		: fpu vme de pse tsc msr pae mce cx8 apic sep mtrr pge mca cmov pat pse36 clflush mmx fxsr sse sse2 ht syscall nx mmxext fxsr_opt pdpe1gb rdtscp lm 3dnowext 3dnow rep_good constant_tsc nonstop_tsc amd_dcm pni cx16 popcnt lahf_lm cmp_legacy svm extapic cr8_legacy abm sse4a misalignsse 3dnowprefetch osvw ibs skinit wdt nodeid_msr
bogomips	: 3801.79
TLB size	: 1024 4K pages
clflush size	: 64
cache_alignment	: 64
address sizes	: 48 bits physical, 48 bits virtual
power management: ts ttp tm stc 100mhzsteps hwpstate [8]

processor	: 4
vendor_id	: AuthenticAMD
cpu family	: 16
model		: 9
model name	: AMD Opteron(tm) Processor 6168
stepping	: 1
cpu MHz		: 1900.000
cache size	: 512 KB
physical id	: 1
siblings	: 12
core id		: 4
cpu cores	: 12
apicid		: 20
fpu		: yes
fpu_exception	: yes
cpuid level	: 5
wp		: yes
flags		: fpu vme de pse tsc msr pae mce cx8 apic sep mtrr pge mca cmov pat pse36 clflush mmx fxsr sse sse2 ht syscall nx mmxext fxsr_opt pdpe1gb rdtscp lm 3dnowext 3dnow rep_good constant_tsc nonstop_tsc amd_dcm pni cx16 popcnt lahf_lm cmp_legacy svm extapic cr8_legacy abm sse4a misalignsse 3dnowprefetch osvw ibs skinit wdt nodeid_msr
bogomips	: 3800.01
TLB size	: 1024 4K pages
clflush size	: 64
cache_alignment	: 64
address sizes	: 48 bits physical, 48 bits virtual
power management: ts ttp tm stc 100mhzsteps hwpstate [8]

processor	: 5
vendor_id	: AuthenticAMD
cpu family	: 16
model		: 9
model name	: AMD Opteron(tm) Processor 6168
stepping	: 1
cpu MHz		: 1900.000
cache size	: 512 KB
physical id	: 1
siblings	: 12
core id		: 5
cpu cores	: 12
apicid		: 21
fpu		: yes
fpu_exception	: yes
cpuid level	: 5
wp		: yes
flags		: fpu vme de pse tsc msr pae mce cx8 apic sep mtrr pge mca cmov pat pse36 clflush mmx fxsr sse sse2 ht syscall nx mmxext fxsr_opt pdpe1gb rdtscp lm 3dnowext 3dnow rep_good constant_tsc nonstop_tsc amd_dcm pni cx16 popcnt lahf_lm cmp_legacy svm extapic cr8_legacy abm sse4a misalignsse 3dnowprefetch osvw ibs skinit wdt nodeid_msr
bogomips	: 3800.03
TLB size	: 1024 4K pages
clflush size	: 64
cache_alignment	: 64
address sizes	: 48 bits physical, 48 bits virtual
power management: ts ttp tm stc 100mhzsteps hwpstate [8]

processor	: 6
vendor_id	: AuthenticAMD
cpu family	: 16
model		: 9
model name	: AMD Opteron(tm) Processor 6168
stepping	: 1
cpu MHz		: 1900.000
cache size	: 512 KB
physical id	: 1
siblings	: 12
core id		: 0
cpu cores	: 12
apicid		: 22
fpu		: yes
fpu_exception	: yes
cpuid level	: 5
wp		: yes
flags		: fpu vme de pse tsc msr pae mce cx8 apic sep mtrr pge mca cmov pat pse36 clflush mmx fxsr sse sse2 ht syscall nx mmxext fxsr_opt pdpe1gb rdtscp lm 3dnowext 3dnow rep_good constant_tsc nonstop_tsc amd_dcm pni cx16 popcnt lahf_lm cmp_legacy svm extapic cr8_legacy abm sse4a misalignsse 3dnowprefetch osvw ibs skinit wdt nodeid_msr
bogomips	: 3800.04
TLB size	: 1024 4K pages
clflush size	: 64
cache_alignment	: 64
address sizes	: 48 bits physical, 48 bits virtual
power management: ts ttp tm stc 100mhzsteps hwpstate [8]

processor	: 7
vendor_id	: AuthenticAMD
cpu family	: 16
model		: 9
model name	: AMD Opteron(tm) Processor 6168
stepping	: 1
cpu MHz		: 1900.000
cache size	: 512 KB
physical id	: 1
siblings	: 12
core id		: 1
cpu cores	: 12
apicid		: 23
fpu		: yes
fpu_exception	: yes
cpuid level	: 5
wp		: yes
flags		: fpu vme de pse tsc msr pae mce cx8 apic sep mtrr pge mca cmov pat pse36 clflush mmx fxsr sse sse2 ht syscall nx mmxext fxsr_opt pdpe1gb rdtscp lm 3dnowext 3dnow rep_good constant_tsc nonstop_tsc amd_dcm pni cx16 popcnt lahf_lm cmp_legacy svm extapic cr8_legacy abm sse4a misalignsse 3dnowprefetch osvw ibs skinit wdt nodeid_msr
bogomips	: 3800.03
TLB size	: 1024 4K pages
clflush size	: 64
cache_alignment	: 64
address sizes	: 48 bits physical, 48 bits virtual
power management: ts ttp tm stc 100mhzsteps hwpstate [8]

processor	: 8
vendor_id	: AuthenticAMD
cpu family	: 16
model		: 9
model name	: AMD Opteron(tm) Processor 6168
stepping	: 1
cpu MHz		: 1900.000
cache size	: 512 KB
physical id	: 1
siblings	: 12
core id		: 2
cpu cores	: 12
apicid		: 24
fpu		: yes
fpu_exception	: yes
cpuid level	: 5
wp		: yes
flags		: fpu vme de pse tsc msr pae mce cx8 apic sep mtrr pge mca cmov pat pse36 clflush mmx fxsr sse sse2 ht syscall nx mmxext fxsr_opt pdpe1gb rdtscp lm 3dnowext 3dnow rep_good constant_tsc nonstop_tsc amd_dcm pni cx16 popcnt lahf_lm cmp_legacy svm extapic cr8_legacy abm sse4a misalignsse 3dnowprefetch osvw ibs skinit wdt nodeid_msr
bogomips	: 3800.05
TLB size	: 1024 4K pages
clflush size	: 64
cache_alignment	: 64
address sizes	: 48 bits physical, 48 bits virtual
power management: ts ttp tm stc 100mhzsteps hwpstate [8]

processor	: 9
vendor_id	: AuthenticAMD
cpu family	: 16
model		: 9
model name	: AMD Opteron(tm) Processor 6168
stepping	: 1
cpu MHz		: 1900.000
cache size	: 512 KB
physical id	: 1
siblings	: 12
core id		: 3
cpu cores	: 12
apicid		: 25
fpu		: yes
fpu_exception	: yes
cpuid level	: 5
wp		: yes
flags		: fpu vme de pse tsc msr pae mce cx8 apic sep mtrr pge mca cmov pat pse36 clflush mmx fxsr sse sse2 ht syscall nx mmxext fxsr_opt pdpe1gb rdtscp lm 3dnowext 3dnow rep_good constant_tsc nonstop_tsc amd_dcm pni cx16 popcnt lahf_lm cmp_legacy svm extapic cr8_legacy abm sse4a misalignsse 3dnowprefetch osvw ibs skinit wdt nodeid_msr
bogomips	: 3799.58
TLB size	: 1024 4K pages
clflush size	: 64
cache_alignment	: 64
address sizes	: 48 bits physical, 48 bits virtual
power management: ts ttp tm stc 100mhzsteps hwpstate [8]

processor	: 10
vendor_id	: AuthenticAMD
cpu family	: 16
model		: 9
model name	: AMD Opteron(tm) Processor 6168
stepping	: 1
cpu MHz		: 1900.000
cache size	: 512 KB
physical id	: 1
siblings	: 12
core id		: 4
cpu cores	: 12
apicid		: 26
fpu		: yes
fpu_exception	: yes
cpuid level	: 5
wp		: yes
flags		: fpu vme de pse tsc msr pae mce cx8 apic sep mtrr pge mca cmov pat pse36 clflush mmx fxsr sse sse2 ht syscall nx mmxext fxsr_opt pdpe1gb rdtscp lm 3dnowext 3dnow rep_good constant_tsc nonstop_tsc amd_dcm pni cx16 popcnt lahf_lm cmp_legacy svm extapic cr8_legacy abm sse4a misalignsse 3dnowprefetch osvw ibs skinit wdt nodeid_msr
bogomips	: 3798.48
TLB size	: 1024 4K pages
clflush size	: 64
cache_alignment	: 64
address sizes	: 48 bits physical, 48 bits virtual
power management: ts ttp tm stc 100mhzsteps hwpstate [8]

processor	: 11
vendor_id	: AuthenticAMD
cpu family	: 16
model		: 9
model name	: AMD Opteron(tm) Processor 6168
stepping	: 1
cpu MHz		: 1900.000
cache size	: 512 KB
physical id	: 1
siblings	: 12
core id		: 5
cpu cores	: 12
apicid		: 27
fpu		: yes
fpu_exception	: yes
cpuid level	: 5
wp		: yes
flags		: fpu vme de pse tsc msr pae mce cx8 apic sep mtrr pge mca cmov pat pse36 clflush mmx fxsr sse sse2 ht syscall nx mmxext fxsr_opt pdpe1gb rdtscp lm 3dnowext 3dnow rep_good constant_tsc nonstop_tsc amd_dcm pni cx16 popcnt lahf_lm cmp_legacy svm extapic cr8_legacy abm sse4a misalignsse 3dnowprefetch osvw ibs skinit wdt nodeid_msr
bogomips	: 3799.04
TLB size	: 1024 4K pages
clflush size	: 64
cache_alignment	: 64
address sizes	: 48 bits physical, 48 bits virtual
power management: ts ttp tm stc 100mhzsteps hwpstate [8]

processor	: 12
vendor_id	: AuthenticAMD
cpu family	: 16
model		: 9
model name	: AMD Opteron(tm) Processor 6168
stepping	: 1
cpu MHz		: 1900.000
cache size	: 512 KB
physical id	: 2
siblings	: 12
core id		: 0
cpu cores	: 12
apicid		: 32
fpu		: yes
fpu_exception	: yes
cpuid level	: 5
wp		: yes
flags		: fpu vme de pse tsc msr pae mce cx8 apic sep mtrr pge mca cmov pat pse36 clflush mmx fxsr sse sse2 ht syscall nx mmxext fxsr_opt pdpe1gb rdtscp lm 3dnowext 3dnow rep_good constant_tsc nonstop_tsc amd_dcm pni cx16 popcnt lahf_lm cmp_legacy svm extapic cr8_legacy abm sse4a misalignsse 3dnowprefetch osvw ibs skinit wdt nodeid_msr
bogomips	: 3800.62
TLB size	: 1024 4K pages
clflush size	: 64
cache_alignment	: 64
address sizes	: 48 bits physical, 48 bits virtual
power management: ts ttp tm stc 100mhzsteps hwpstate [8]

processor	: 13
vendor_id	: AuthenticAMD
cpu family	: 16
model		: 9
model name	: AMD Opteron(tm) Processor 6168
stepping	: 1
cpu MHz		: 1900.000
cache size	: 512 KB
physical id	: 2
siblings	: 12
core id		: 1
cpu cores	: 12
apicid		: 33
fpu		: yes
fpu_exception	: yes
cpuid level	: 5
wp		: yes
flags		: fpu vme de pse tsc msr pae mce cx8 apic sep mtrr pge mca cmov pat pse36 clflush mmx fxsr sse sse2 ht syscall nx mmxext fxsr_opt pdpe1gb rdtscp lm 3dnowext 3dnow rep_good constant_tsc nonstop_tsc amd_dcm pni cx16 popcnt lahf_lm cmp_legacy svm extapic cr8_legacy abm sse4a misalignsse 3dnowprefetch osvw ibs skinit wdt nodeid_msr
bogomips	: 3800.10
TLB size	: 1024 4K pages
clflush size	: 64
cache_alignment	: 64
address sizes	: 48 bits physical, 48 bits virtual
power management: ts ttp tm stc 100mhzsteps hwpstate [8]

processor	: 14
vendor_id	: AuthenticAMD
cpu family	: 16
model		: 9
model name	: AMD Opteron(tm) Processor 6168
stepping	: 1
cpu MHz		: 1900.000
cache size	: 512 KB
physical id	: 2
siblings	: 12
core id		: 2
cpu cores	: 12
apicid		: 34
fpu		: yes
fpu_exception	: yes
cpuid level	: 5
wp		: yes
flags		: fpu vme de pse tsc msr pae mce cx8 apic sep mtrr pge mca cmov pat pse36 clflush mmx fxsr sse sse2 ht syscall nx mmxext fxsr_opt pdpe1gb rdtscp lm 3dnowext 3dnow rep_good constant_tsc nonstop_tsc amd_dcm pni cx16 popcnt lahf_lm cmp_legacy svm extapic cr8_legacy abm sse4a misalignsse 3dnowprefetch osvw ibs skinit wdt nodeid_msr
bogomips	: 3800.33
TLB size	: 1024 4K pages
clflush size	: 64
cache_alignment	: 64
address sizes	: 48 bits physical, 48 bits virtual
power management: ts ttp tm stc 100mhzsteps hwpstate [8]

processor	: 15
vendor_id	: AuthenticAMD
cpu family	: 16
model		: 9
model name	: AMD Opteron(tm) Processor 6168
stepping	: 1
cpu MHz		: 1900.000
cache size	: 512 KB
physical id	: 2
siblings	: 12
core id		: 3
cpu cores	: 12
apicid		: 35
fpu		: yes
fpu_exception	: yes
cpuid level	: 5
wp		: yes
flags		: fpu vme de pse tsc msr pae mce cx8 apic sep mtrr pge mca cmov pat pse36 clflush mmx fxsr sse sse2 ht syscall nx mmxext fxsr_opt pdpe1gb rdtscp lm 3dnowext 3dnow rep_good constant_tsc nonstop_tsc amd_dcm pni cx16 popcnt lahf_lm cmp_legacy svm extapic cr8_legacy abm sse4a misalignsse 3dnowprefetch osvw ibs skinit wdt nodeid_msr
bogomips	: 3803.26
TLB size	: 1024 4K pages
clflush size	: 64
cache_alignment	: 64
address sizes	: 48 bits physical, 48 bits virtual
power management: ts ttp tm stc 100mhzsteps hwpstate [8]

processor	: 16
vendor_id	: AuthenticAMD
cpu family	: 16
model		: 9
model name	: AMD Opteron(tm) Processor 6168
stepping	: 1
cpu MHz		: 1900.000
cache size	: 512 KB
physical id	: 2
siblings	: 12
core id		: 4
cpu cores	: 12
apicid		: 36
fpu		: yes
fpu_exception	: yes
cpuid level	: 5
wp		: yes
flags		: fpu vme de pse tsc msr pae mce cx8 apic sep mtrr pge mca cmov pat pse36 clflush mmx fxsr sse sse2 ht syscall nx mmxext fxsr_opt pdpe1gb rdtscp lm 3dnowext 3dnow rep_good constant_tsc nonstop_tsc amd_dcm pni cx16 popcnt lahf_lm cmp_legacy svm extapic cr8_legacy abm sse4a misalignsse 3dnowprefetch osvw ibs skinit wdt nodeid_msr
bogomips	: 3800.62
TLB size	: 1024 4K pages
clflush size	: 64
cache_alignment	: 64
address sizes	: 48 bits physical, 48 bits virtual
power management: ts ttp tm stc 100mhzsteps hwpstate [8]

processor	: 17
vendor_id	: AuthenticAMD
cpu family	: 16
model		: 9
model name	: AMD Opteron(tm) Processor 6168
stepping	: 1
cpu MHz		: 1900.000
cache size	: 512 KB
physical id	: 2
siblings	: 12
core id		: 5
cpu cores	: 12
apicid		: 37
fpu		: yes
fpu_exception	: yes
cpuid level	: 5
wp		: yes
flags		: fpu vme de pse tsc msr pae mce cx8 apic sep mtrr pge mca cmov pat pse36 clflush mmx fxsr sse sse2 ht syscall nx mmxext fxsr_opt pdpe1gb rdtscp lm 3dnowext 3dnow rep_good constant_tsc nonstop_tsc amd_dcm pni cx16 popcnt lahf_lm cmp_legacy svm extapic cr8_legacy abm sse4a misalignsse 3dnowprefetch osvw ibs skinit wdt nodeid_msr
bogomips	: 3800.62
TLB size	: 1024 4K pages
clflush size	: 64
cache_alignment	: 64
address sizes	: 48 bits physical, 48 bits virtual
power management: ts ttp tm stc 100mhzsteps hwpstate [8]

processor	: 18
vendor_id	: AuthenticAMD
cpu family	: 16
model		: 9
model name	: AMD Opteron(tm) Processor 6168
stepping	: 1
cpu MHz		: 1900.000
cache size	: 512 KB
physical id	: 2
siblings	: 12
core id		: 0
cpu cores	: 12
apicid		: 38
fpu		: yes
fpu_exception	: yes
cpuid level	: 5
wp		: yes
flags		: fpu vme de pse tsc msr pae mce cx8 apic sep mtrr pge mca cmov pat pse36 clflush mmx fxsr sse sse2 ht syscall nx mmxext fxsr_opt pdpe1gb rdtscp lm 3dnowext 3dnow rep_good constant_tsc nonstop_tsc amd_dcm pni cx16 popcnt lahf_lm cmp_legacy svm extapic cr8_legacy abm sse4a misalignsse 3dnowprefetch osvw ibs skinit wdt nodeid_msr
bogomips	: 3801.58
TLB size	: 1024 4K pages
clflush size	: 64
cache_alignment	: 64
address sizes	: 48 bits physical, 48 bits virtual
power management: ts ttp tm stc 100mhzsteps hwpstate [8]

processor	: 19
vendor_id	: AuthenticAMD
cpu family	: 16
model		: 9
model name	: AMD Opteron(tm) Processor 6168
stepping	: 1
cpu MHz		: 1900.000
cache size	: 512 KB
physical id	: 2
siblings	: 12
core id		: 1
cpu cores	: 12
apicid		: 39
fpu		: yes
fpu_exception	: yes
cpuid level	: 5
wp		: yes
flags		: fpu vme de pse tsc msr pae mce cx8 apic sep mtrr pge mca cmov pat pse36 clflush mmx fxsr sse sse2 ht syscall nx mmxext fxsr_opt pdpe1gb rdtscp lm 3dnowext 3dnow rep_good constant_tsc nonstop_tsc amd_dcm pni cx16 popcnt lahf_lm cmp_legacy svm extapic cr8_legacy abm sse4a misalignsse 3dnowprefetch osvw ibs skinit wdt nodeid_msr
bogomips	: 3800.66
TLB size	: 1024 4K pages
clflush size	: 64
cache_alignment	: 64
address sizes	: 48 bits physical, 48 bits virtual
power management: ts ttp tm stc 100mhzsteps hwpstate [8]

processor	: 20
vendor_id	: AuthenticAMD
cpu family	: 16
model		: 9
model name	: AMD Opteron(tm) Processor 6168
stepping	: 1
cpu MHz		: 1900.000
cache size	: 512 KB
physical id	: 2
siblings	: 12
core id		: 2
cpu cores	: 12
apicid		: 40
fpu		: yes
fpu_exception	: yes
cpuid level	: 5
wp		: yes
flags		: fpu vme de pse tsc msr pae mce cx8 apic sep mtrr pge mca cmov pat pse36 clflush mmx fxsr sse sse2 ht syscall nx mmxext fxsr_opt pdpe1gb rdtscp lm 3dnowext 3dnow rep_good constant_tsc nonstop_tsc amd_dcm pni cx16 popcnt lahf_lm cmp_legacy svm extapic cr8_legacy abm sse4a misalignsse 3dnowprefetch osvw ibs skinit wdt nodeid_msr
bogomips	: 3798.91
TLB size	: 1024 4K pages
clflush size	: 64
cache_alignment	: 64
address sizes	: 48 bits physical, 48 bits virtual
power management: ts ttp tm stc 100mhzsteps hwpstate [8]

processor	: 21
vendor_id	: AuthenticAMD
cpu family	: 16
model		: 9
model name	: AMD Opteron(tm) Processor 6168
stepping	: 1
cpu MHz		: 1900.000
cache size	: 512 KB
physical id	: 2
siblings	: 12
core id		: 3
cpu cores	: 12
apicid		: 41
fpu		: yes
fpu_exception	: yes
cpuid level	: 5
wp		: yes
flags		: fpu vme de pse tsc msr pae mce cx8 apic sep mtrr pge mca cmov pat pse36 clflush mmx fxsr sse sse2 ht syscall nx mmxext fxsr_opt pdpe1gb rdtscp lm 3dnowext 3dnow rep_good constant_tsc nonstop_tsc amd_dcm pni cx16 popcnt lahf_lm cmp_legacy svm extapic cr8_legacy abm sse4a misalignsse 3dnowprefetch osvw ibs skinit wdt nodeid_msr
bogomips	: 3802.02
TLB size	: 1024 4K pages
clflush size	: 64
cache_alignment	: 64
address sizes	: 48 bits physical, 48 bits virtual
power management: ts ttp tm stc 100mhzsteps hwpstate [8]

processor	: 22
vendor_id	: AuthenticAMD
cpu family	: 16
model		: 9
model name	: AMD Opteron(tm) Processor 6168
stepping	: 1
cpu MHz		: 1900.000
cache size	: 512 KB
physical id	: 2
siblings	: 12
core id		: 4
cpu cores	: 12
apicid		: 42
fpu		: yes
fpu_exception	: yes
cpuid level	: 5
wp		: yes
flags		: fpu vme de pse tsc msr pae mce cx8 apic sep mtrr pge mca cmov pat pse36 clflush mmx fxsr sse sse2 ht syscall nx mmxext fxsr_opt pdpe1gb rdtscp lm 3dnowext 3dnow rep_good constant_tsc nonstop_tsc amd_dcm pni cx16 popcnt lahf_lm cmp_legacy svm extapic cr8_legacy abm sse4a misalignsse 3dnowprefetch osvw ibs skinit wdt nodeid_msr
bogomips	: 3801.17
TLB size	: 1024 4K pages
clflush size	: 64
cache_alignment	: 64
address sizes	: 48 bits physical, 48 bits virtual
power management: ts ttp tm stc 100mhzsteps hwpstate [8]

processor	: 23
vendor_id	: AuthenticAMD
cpu family	: 16
model		: 9
model name	: AMD Opteron(tm) Processor 6168
stepping	: 1
cpu MHz		: 1900.000
cache size	: 512 KB
physical id	: 2
siblings	: 12
core id		: 5
cpu cores	: 12
apicid		: 43
fpu		: yes
fpu_exception	: yes
cpuid level	: 5
wp		: yes
flags		: fpu vme de pse tsc msr pae mce cx8 apic sep mtrr pge mca cmov pat pse36 clflush mmx fxsr sse sse2 ht syscall nx mmxext fxsr_opt pdpe1gb rdtscp lm 3dnowext 3dnow rep_good constant_tsc nonstop_tsc amd_dcm pni cx16 popcnt lahf_lm cmp_legacy svm extapic cr8_legacy abm sse4a misalignsse 3dnowprefetch osvw ibs skinit wdt nodeid_msr
bogomips	: 3801.14
TLB size	: 1024 4K pages
clflush size	: 64
cache_alignment	: 64
address sizes	: 48 bits physical, 48 bits virtual
power management: ts ttp tm stc 100mhzsteps hwpstate [8]

processor	: 24
vendor_id	: AuthenticAMD
cpu family	: 16
model		: 9
model name	: AMD Opteron(tm) Processor 6168
stepping	: 1
cpu MHz		: 1900.000
cache size	: 512 KB
physical id	: 3
siblings	: 12
core id		: 0
cpu cores	: 12
apicid		: 48
fpu		: yes
fpu_exception	: yes
cpuid level	: 5
wp		: yes
flags		: fpu vme de pse tsc msr pae mce cx8 apic sep mtrr pge mca cmov pat pse36 clflush mmx fxsr sse sse2 ht syscall nx mmxext fxsr_opt pdpe1gb rdtscp lm 3dnowext 3dnow rep_good constant_tsc nonstop_tsc amd_dcm pni cx16 popcnt lahf_lm cmp_legacy svm extapic cr8_legacy abm sse4a misalignsse 3dnowprefetch osvw ibs skinit wdt nodeid_msr
bogomips	: 3802.00
TLB size	: 1024 4K pages
clflush size	: 64
cache_alignment	: 64
address sizes	: 48 bits physical, 48 bits virtual
power management: ts ttp tm stc 100mhzsteps hwpstate [8]

processor	: 25
vendor_id	: AuthenticAMD
cpu family	: 16
model		: 9
model name	: AMD Opteron(tm) Processor 6168
stepping	: 1
cpu MHz		: 1900.000
cache size	: 512 KB
physical id	: 3
siblings	: 12
core id		: 1
cpu cores	: 12
apicid		: 49
fpu		: yes
fpu_exception	: yes
cpuid level	: 5
wp		: yes
flags		: fpu vme de pse tsc msr pae mce cx8 apic sep mtrr pge mca cmov pat pse36 clflush mmx fxsr sse sse2 ht syscall nx mmxext fxsr_opt pdpe1gb rdtscp lm 3dnowext 3dnow rep_good constant_tsc nonstop_tsc amd_dcm pni cx16 popcnt lahf_lm cmp_legacy svm extapic cr8_legacy abm sse4a misalignsse 3dnowprefetch osvw ibs skinit wdt nodeid_msr
bogomips	: 3802.02
TLB size	: 1024 4K pages
clflush size	: 64
cache_alignment	: 64
address sizes	: 48 bits physical, 48 bits virtual
power management: ts ttp tm stc 100mhzsteps hwpstate [8]

processor	: 26
vendor_id	: AuthenticAMD
cpu family	: 16
model		: 9
model name	: AMD Opteron(tm) Processor 6168
stepping	: 1
cpu MHz		: 1900.000
cache size	: 512 KB
physical id	: 3
siblings	: 12
core id		: 2
cpu cores	: 12
apicid		: 50
fpu		: yes
fpu_exception	: yes
cpuid level	: 5
wp		: yes
flags		: fpu vme de pse tsc msr pae mce cx8 apic sep mtrr pge mca cmov pat pse36 clflush mmx fxsr sse sse2 ht syscall nx mmxext fxsr_opt pdpe1gb rdtscp lm 3dnowext 3dnow rep_good constant_tsc nonstop_tsc amd_dcm pni cx16 popcnt lahf_lm cmp_legacy svm extapic cr8_legacy abm sse4a misalignsse 3dnowprefetch osvw ibs skinit wdt nodeid_msr
bogomips	: 3801.30
TLB size	: 1024 4K pages
clflush size	: 64
cache_alignment	: 64
address sizes	: 48 bits physical, 48 bits virtual
power management: ts ttp tm stc 100mhzsteps hwpstate [8]

processor	: 27
vendor_id	: AuthenticAMD
cpu family	: 16
model		: 9
model name	: AMD Opteron(tm) Processor 6168
stepping	: 1
cpu MHz		: 1900.000
cache size	: 512 KB
physical id	: 3
siblings	: 12
core id		: 3
cpu cores	: 12
apicid		: 51
fpu		: yes
fpu_exception	: yes
cpuid level	: 5
wp		: yes
flags		: fpu vme de pse tsc msr pae mce cx8 apic sep mtrr pge mca cmov pat pse36 clflush mmx fxsr sse sse2 ht syscall nx mmxext fxsr_opt pdpe1gb rdtscp lm 3dnowext 3dnow rep_good constant_tsc nonstop_tsc amd_dcm pni cx16 popcnt lahf_lm cmp_legacy svm extapic cr8_legacy abm sse4a misalignsse 3dnowprefetch osvw ibs skinit wdt nodeid_msr
bogomips	: 3800.48
TLB size	: 1024 4K pages
clflush size	: 64
cache_alignment	: 64
address sizes	: 48 bits physical, 48 bits virtual
power management: ts ttp tm stc 100mhzsteps hwpstate [8]

processor	: 28
vendor_id	: AuthenticAMD
cpu family	: 16
model		: 9
model name	: AMD Opteron(tm) Processor 6168
stepping	: 1
cpu MHz		: 1900.000
cache size	: 512 KB
physical id	: 3
siblings	: 12
core id		: 4
cpu cores	: 12
apicid		: 52
fpu		: yes
fpu_exception	: yes
cpuid level	: 5
wp		: yes
flags		: fpu vme de pse tsc msr pae mce cx8 apic sep mtrr pge mca cmov pat pse36 clflush mmx fxsr sse sse2 ht syscall nx mmxext fxsr_opt pdpe1gb rdtscp lm 3dnowext 3dnow rep_good constant_tsc nonstop_tsc amd_dcm pni cx16 popcnt lahf_lm cmp_legacy svm extapic cr8_legacy abm sse4a misalignsse 3dnowprefetch osvw ibs skinit wdt nodeid_msr
bogomips	: 3800.15
TLB size	: 1024 4K pages
clflush size	: 64
cache_alignment	: 64
address sizes	: 48 bits physical, 48 bits virtual
power management: ts ttp tm stc 100mhzsteps hwpstate [8]

processor	: 29
vendor_id	: AuthenticAMD
cpu family	: 16
model		: 9
model name	: AMD Opteron(tm) Processor 6168
stepping	: 1
cpu MHz		: 1900.000
cache size	: 512 KB
physical id	: 3
siblings	: 12
core id		: 5
cpu cores	: 12
apicid		: 53
fpu		: yes
fpu_exception	: yes
cpuid level	: 5
wp		: yes
flags		: fpu vme de pse tsc msr pae mce cx8 apic sep mtrr pge mca cmov pat pse36 clflush mmx fxsr sse sse2 ht syscall nx mmxext fxsr_opt pdpe1gb rdtscp lm 3dnowext 3dnow rep_good constant_tsc nonstop_tsc amd_dcm pni cx16 popcnt lahf_lm cmp_legacy svm extapic cr8_legacy abm sse4a misalignsse 3dnowprefetch osvw ibs skinit wdt nodeid_msr
bogomips	: 3800.30
TLB size	: 1024 4K pages
clflush size	: 64
cache_alignment	: 64
address sizes	: 48 bits physical, 48 bits virtual
power management: ts ttp tm stc 100mhzsteps hwpstate [8]

processor	: 30
vendor_id	: AuthenticAMD
cpu family	: 16
model		: 9
model name	: AMD Opteron(tm) Processor 6168
stepping	: 1
cpu MHz		: 1900.000
cache size	: 512 KB
physical id	: 3
siblings	: 12
core id		: 0
cpu cores	: 12
apicid		: 54
fpu		: yes
fpu_exception	: yes
cpuid level	: 5
wp		: yes
flags		: fpu vme de pse tsc msr pae mce cx8 apic sep mtrr pge mca cmov pat pse36 clflush mmx fxsr sse sse2 ht syscall nx mmxext fxsr_opt pdpe1gb rdtscp lm 3dnowext 3dnow rep_good constant_tsc nonstop_tsc amd_dcm pni cx16 popcnt lahf_lm cmp_legacy svm extapic cr8_legacy abm sse4a misalignsse 3dnowprefetch osvw ibs skinit wdt nodeid_msr
bogomips	: 3802.47
TLB size	: 1024 4K pages
clflush size	: 64
cache_alignment	: 64
address sizes	: 48 bits physical, 48 bits virtual
power management: ts ttp tm stc 100mhzsteps hwpstate [8]

processor	: 31
vendor_id	: AuthenticAMD
cpu family	: 16
model		: 9
model name	: AMD Opteron(tm) Processor 6168
stepping	: 1
cpu MHz		: 1900.000
cache size	: 512 KB
physical id	: 3
siblings	: 12
core id		: 1
cpu cores	: 12
apicid		: 55
fpu		: yes
fpu_exception	: yes
cpuid level	: 5
wp		: yes
flags		: fpu vme de pse tsc msr pae mce cx8 apic sep mtrr pge mca cmov pat pse36 clflush mmx fxsr sse sse2 ht syscall nx mmxext fxsr_opt pdpe1gb rdtscp lm 3dnowext 3dnow rep_good constant_tsc nonstop_tsc amd_dcm pni cx16 popcnt lahf_lm cmp_legacy svm extapic cr8_legacy abm sse4a misalignsse 3dnowprefetch osvw ibs skinit wdt nodeid_msr
bogomips	: 3802.69
TLB size	: 1024 4K pages
clflush size	: 64
cache_alignment	: 64
address sizes	: 48 bits physical, 48 bits virtual
power management: ts ttp tm stc 100mhzsteps hwpstate [8]

processor	: 32
vendor_id	: AuthenticAMD
cpu family	: 16
model		: 9
model name	: AMD Opteron(tm) Processor 6168
stepping	: 1
cpu MHz		: 1900.000
cache size	: 512 KB
physical id	: 3
siblings	: 12
core id		: 2
cpu cores	: 12
apicid		: 56
fpu		: yes
fpu_exception	: yes
cpuid level	: 5
wp		: yes
flags		: fpu vme de pse tsc msr pae mce cx8 apic sep mtrr pge mca cmov pat pse36 clflush mmx fxsr sse sse2 ht syscall nx mmxext fxsr_opt pdpe1gb rdtscp lm 3dnowext 3dnow rep_good constant_tsc nonstop_tsc amd_dcm pni cx16 popcnt lahf_lm cmp_legacy svm extapic cr8_legacy abm sse4a misalignsse 3dnowprefetch osvw ibs skinit wdt nodeid_msr
bogomips	: 3802.14
TLB size	: 1024 4K pages
clflush size	: 64
cache_alignment	: 64
address sizes	: 48 bits physical, 48 bits virtual
power management: ts ttp tm stc 100mhzsteps hwpstate [8]

processor	: 33
vendor_id	: AuthenticAMD
cpu family	: 16
model		: 9
model name	: AMD Opteron(tm) Processor 6168
stepping	: 1
cpu MHz		: 1900.000
cache size	: 512 KB
physical id	: 3
siblings	: 12
core id		: 3
cpu cores	: 12
apicid		: 57
fpu		: yes
fpu_exception	: yes
cpuid level	: 5
wp		: yes
flags		: fpu vme de pse tsc msr pae mce cx8 apic sep mtrr pge mca cmov pat pse36 clflush mmx fxsr sse sse2 ht syscall nx mmxext fxsr_opt pdpe1gb rdtscp lm 3dnowext 3dnow rep_good constant_tsc nonstop_tsc amd_dcm pni cx16 popcnt lahf_lm cmp_legacy svm extapic cr8_legacy abm sse4a misalignsse 3dnowprefetch osvw ibs skinit wdt nodeid_msr
bogomips	: 3799.76
TLB size	: 1024 4K pages
clflush size	: 64
cache_alignment	: 64
address sizes	: 48 bits physical, 48 bits virtual
power management: ts ttp tm stc 100mhzsteps hwpstate [8]

processor	: 34
vendor_id	: AuthenticAMD
cpu family	: 16
model		: 9
model name	: AMD Opteron(tm) Processor 6168
stepping	: 1
cpu MHz		: 1900.000
cache size	: 512 KB
physical id	: 3
siblings	: 12
core id		: 4
cpu cores	: 12
apicid		: 58
fpu		: yes
fpu_exception	: yes
cpuid level	: 5
wp		: yes
flags		: fpu vme de pse tsc msr pae mce cx8 apic sep mtrr pge mca cmov pat pse36 clflush mmx fxsr sse sse2 ht syscall nx mmxext fxsr_opt pdpe1gb rdtscp lm 3dnowext 3dnow rep_good constant_tsc nonstop_tsc amd_dcm pni cx16 popcnt lahf_lm cmp_legacy svm extapic cr8_legacy abm sse4a misalignsse 3dnowprefetch osvw ibs skinit wdt nodeid_msr
bogomips	: 3804.90
TLB size	: 1024 4K pages
clflush size	: 64
cache_alignment	: 64
address sizes	: 48 bits physical, 48 bits virtual
power management: ts ttp tm stc 100mhzsteps hwpstate [8]

processor	: 35
vendor_id	: AuthenticAMD
cpu family	: 16
model		: 9
model name	: AMD Opteron(tm) Processor 6168
stepping	: 1
cpu MHz		: 1900.000
cache size	: 512 KB
physical id	: 3
siblings	: 12
core id		: 5
cpu cores	: 12
apicid		: 59
fpu		: yes
fpu_exception	: yes
cpuid level	: 5
wp		: yes
flags		: fpu vme de pse tsc msr pae mce cx8 apic sep mtrr pge mca cmov pat pse36 clflush mmx fxsr sse sse2 ht syscall nx mmxext fxsr_opt pdpe1gb rdtscp lm 3dnowext 3dnow rep_good constant_tsc nonstop_tsc amd_dcm pni cx16 popcnt lahf_lm cmp_legacy svm extapic cr8_legacy abm sse4a misalignsse 3dnowprefetch osvw ibs skinit wdt nodeid_msr
bogomips	: 3800.90
TLB size	: 1024 4K pages
clflush size	: 64
cache_alignment	: 64
address sizes	: 48 bits physical, 48 bits virtual
power management: ts ttp tm stc 100mhzsteps hwpstate [8]

processor	: 36
vendor_id	: AuthenticAMD
cpu family	: 16
model		: 9
model name	: AMD Opteron(tm) Processor 6168
stepping	: 1
cpu MHz		: 1900.000
cache size	: 512 KB
physical id	: 4
siblings	: 12
core id		: 0
cpu cores	: 12
apicid		: 64
fpu		: yes
fpu_exception	: yes
cpuid level	: 5
wp		: yes
flags		: fpu vme de pse tsc msr pae mce cx8 apic sep mtrr pge mca cmov pat pse36 clflush mmx fxsr sse sse2 ht syscall nx mmxext fxsr_opt pdpe1gb rdtscp lm 3dnowext 3dnow rep_good constant_tsc nonstop_tsc amd_dcm pni cx16 popcnt lahf_lm cmp_legacy svm extapic cr8_legacy abm sse4a misalignsse 3dnowprefetch osvw ibs skinit wdt nodeid_msr
bogomips	: 3801.37
TLB size	: 1024 4K pages
clflush size	: 64
cache_alignment	: 64
address sizes	: 48 bits physical, 48 bits virtual
power management: ts ttp tm stc 100mhzsteps hwpstate [8]

processor	: 37
vendor_id	: AuthenticAMD
cpu family	: 16
model		: 9
model name	: AMD Opteron(tm) Processor 6168
stepping	: 1
cpu MHz		: 1900.000
cache size	: 512 KB
physical id	: 4
siblings	: 12
core id		: 1
cpu cores	: 12
apicid		: 65
fpu		: yes
fpu_exception	: yes
cpuid level	: 5
wp		: yes
flags		: fpu vme de pse tsc msr pae mce cx8 apic sep mtrr pge mca cmov pat pse36 clflush mmx fxsr sse sse2 ht syscall nx mmxext fxsr_opt pdpe1gb rdtscp lm 3dnowext 3dnow rep_good constant_tsc nonstop_tsc amd_dcm pni cx16 popcnt lahf_lm cmp_legacy svm extapic cr8_legacy abm sse4a misalignsse 3dnowprefetch osvw ibs skinit wdt nodeid_msr
bogomips	: 3802.47
TLB size	: 1024 4K pages
clflush size	: 64
cache_alignment	: 64
address sizes	: 48 bits physical, 48 bits virtual
power management: ts ttp tm stc 100mhzsteps hwpstate [8]

processor	: 38
vendor_id	: AuthenticAMD
cpu family	: 16
model		: 9
model name	: AMD Opteron(tm) Processor 6168
stepping	: 1
cpu MHz		: 1900.000
cache size	: 512 KB
physical id	: 4
siblings	: 12
core id		: 2
cpu cores	: 12
apicid		: 66
fpu		: yes
fpu_exception	: yes
cpuid level	: 5
wp		: yes
flags		: fpu vme de pse tsc msr pae mce cx8 apic sep mtrr pge mca cmov pat pse36 clflush mmx fxsr sse sse2 ht syscall nx mmxext fxsr_opt pdpe1gb rdtscp lm 3dnowext 3dnow rep_good constant_tsc nonstop_tsc amd_dcm pni cx16 popcnt lahf_lm cmp_legacy svm extapic cr8_legacy abm sse4a misalignsse 3dnowprefetch osvw ibs skinit wdt nodeid_msr
bogomips	: 3801.88
TLB size	: 1024 4K pages
clflush size	: 64
cache_alignment	: 64
address sizes	: 48 bits physical, 48 bits virtual
power management: ts ttp tm stc 100mhzsteps hwpstate [8]

processor	: 39
vendor_id	: AuthenticAMD
cpu family	: 16
model		: 9
model name	: AMD Opteron(tm) Processor 6168
stepping	: 1
cpu MHz		: 1900.000
cache size	: 512 KB
physical id	: 4
siblings	: 12
core id		: 3
cpu cores	: 12
apicid		: 67
fpu		: yes
fpu_exception	: yes
cpuid level	: 5
wp		: yes
flags		: fpu vme de pse tsc msr pae mce cx8 apic sep mtrr pge mca cmov pat pse36 clflush mmx fxsr sse sse2 ht syscall nx mmxext fxsr_opt pdpe1gb rdtscp lm 3dnowext 3dnow rep_good constant_tsc nonstop_tsc amd_dcm pni cx16 popcnt lahf_lm cmp_legacy svm extapic cr8_legacy abm sse4a misalignsse 3dnowprefetch osvw ibs skinit wdt nodeid_msr
bogomips	: 3802.68
TLB size	: 1024 4K pages
clflush size	: 64
cache_alignment	: 64
address sizes	: 48 bits physical, 48 bits virtual
power management: ts ttp tm stc 100mhzsteps hwpstate [8]

processor	: 40
vendor_id	: AuthenticAMD
cpu family	: 16
model		: 9
model name	: AMD Opteron(tm) Processor 6168
stepping	: 1
cpu MHz		: 1900.000
cache size	: 512 KB
physical id	: 4
siblings	: 12
core id		: 4
cpu cores	: 12
apicid		: 68
fpu		: yes
fpu_exception	: yes
cpuid level	: 5
wp		: yes
flags		: fpu vme de pse tsc msr pae mce cx8 apic sep mtrr pge mca cmov pat pse36 clflush mmx fxsr sse sse2 ht syscall nx mmxext fxsr_opt pdpe1gb rdtscp lm 3dnowext 3dnow rep_good constant_tsc nonstop_tsc amd_dcm pni cx16 popcnt lahf_lm cmp_legacy svm extapic cr8_legacy abm sse4a misalignsse 3dnowprefetch osvw ibs skinit wdt nodeid_msr
bogomips	: 3801.83
TLB size	: 1024 4K pages
clflush size	: 64
cache_alignment	: 64
address sizes	: 48 bits physical, 48 bits virtual
power management: ts ttp tm stc 100mhzsteps hwpstate [8]

processor	: 41
vendor_id	: AuthenticAMD
cpu family	: 16
model		: 9
model name	: AMD Opteron(tm) Processor 6168
stepping	: 1
cpu MHz		: 1900.000
cache size	: 512 KB
physical id	: 4
siblings	: 12
core id		: 5
cpu cores	: 12
apicid		: 69
fpu		: yes
fpu_exception	: yes
cpuid level	: 5
wp		: yes
flags		: fpu vme de pse tsc msr pae mce cx8 apic sep mtrr pge mca cmov pat pse36 clflush mmx fxsr sse sse2 ht syscall nx mmxext fxsr_opt pdpe1gb rdtscp lm 3dnowext 3dnow rep_good constant_tsc nonstop_tsc amd_dcm pni cx16 popcnt lahf_lm cmp_legacy svm extapic cr8_legacy abm sse4a misalignsse 3dnowprefetch osvw ibs skinit wdt nodeid_msr
bogomips	: 3802.36
TLB size	: 1024 4K pages
clflush size	: 64
cache_alignment	: 64
address sizes	: 48 bits physical, 48 bits virtual
power management: ts ttp tm stc 100mhzsteps hwpstate [8]

processor	: 42
vendor_id	: AuthenticAMD
cpu family	: 16
model		: 9
model name	: AMD Opteron(tm) Processor 6168
stepping	: 1
cpu MHz		: 1900.000
cache size	: 512 KB
physical id	: 4
siblings	: 12
core id		: 0
cpu cores	: 12
apicid		: 70
fpu		: yes
fpu_exception	: yes
cpuid level	: 5
wp		: yes
flags		: fpu vme de pse tsc msr pae mce cx8 apic sep mtrr pge mca cmov pat pse36 clflush mmx fxsr sse sse2 ht syscall nx mmxext fxsr_opt pdpe1gb rdtscp lm 3dnowext 3dnow rep_good constant_tsc nonstop_tsc amd_dcm pni cx16 popcnt lahf_lm cmp_legacy svm extapic cr8_legacy abm sse4a misalignsse 3dnowprefetch osvw ibs skinit wdt nodeid_msr
bogomips	: 3802.35
TLB size	: 1024 4K pages
clflush size	: 64
cache_alignment	: 64
address sizes	: 48 bits physical, 48 bits virtual
power management: ts ttp tm stc 100mhzsteps hwpstate [8]

processor	: 43
vendor_id	: AuthenticAMD
cpu family	: 16
model		: 9
model name	: AMD Opteron(tm) Processor 6168
stepping	: 1
cpu MHz		: 1900.000
cache size	: 512 KB
physical id	: 4
siblings	: 12
core id		: 1
cpu cores	: 12
apicid		: 71
fpu		: yes
fpu_exception	: yes
cpuid level	: 5
wp		: yes
flags		: fpu vme de pse tsc msr pae mce cx8 apic sep mtrr pge mca cmov pat pse36 clflush mmx fxsr sse sse2 ht syscall nx mmxext fxsr_opt pdpe1gb rdtscp lm 3dnowext 3dnow rep_good constant_tsc nonstop_tsc amd_dcm pni cx16 popcnt lahf_lm cmp_legacy svm extapic cr8_legacy abm sse4a misalignsse 3dnowprefetch osvw ibs skinit wdt nodeid_msr
bogomips	: 3802.65
TLB size	: 1024 4K pages
clflush size	: 64
cache_alignment	: 64
address sizes	: 48 bits physical, 48 bits virtual
power management: ts ttp tm stc 100mhzsteps hwpstate [8]

processor	: 44
vendor_id	: AuthenticAMD
cpu family	: 16
model		: 9
model name	: AMD Opteron(tm) Processor 6168
stepping	: 1
cpu MHz		: 1900.000
cache size	: 512 KB
physical id	: 4
siblings	: 12
core id		: 2
cpu cores	: 12
apicid		: 72
fpu		: yes
fpu_exception	: yes
cpuid level	: 5
wp		: yes
flags		: fpu vme de pse tsc msr pae mce cx8 apic sep mtrr pge mca cmov pat pse36 clflush mmx fxsr sse sse2 ht syscall nx mmxext fxsr_opt pdpe1gb rdtscp lm 3dnowext 3dnow rep_good constant_tsc nonstop_tsc amd_dcm pni cx16 popcnt lahf_lm cmp_legacy svm extapic cr8_legacy abm sse4a misalignsse 3dnowprefetch osvw ibs skinit wdt nodeid_msr
bogomips	: 3801.88
TLB size	: 1024 4K pages
clflush size	: 64
cache_alignment	: 64
address sizes	: 48 bits physical, 48 bits virtual
power management: ts ttp tm stc 100mhzsteps hwpstate [8]

processor	: 45
vendor_id	: AuthenticAMD
cpu family	: 16
model		: 9
model name	: AMD Opteron(tm) Processor 6168
stepping	: 1
cpu MHz		: 1900.000
cache size	: 512 KB
physical id	: 4
siblings	: 12
core id		: 3
cpu cores	: 12
apicid		: 73
fpu		: yes
fpu_exception	: yes
cpuid level	: 5
wp		: yes
flags		: fpu vme de pse tsc msr pae mce cx8 apic sep mtrr pge mca cmov pat pse36 clflush mmx fxsr sse sse2 ht syscall nx mmxext fxsr_opt pdpe1gb rdtscp lm 3dnowext 3dnow rep_good constant_tsc nonstop_tsc amd_dcm pni cx16 popcnt lahf_lm cmp_legacy svm extapic cr8_legacy abm sse4a misalignsse 3dnowprefetch osvw ibs skinit wdt nodeid_msr
bogomips	: 3803.53
TLB size	: 1024 4K pages
clflush size	: 64
cache_alignment	: 64
address sizes	: 48 bits physical, 48 bits virtual
power management: ts ttp tm stc 100mhzsteps hwpstate [8]

processor	: 46
vendor_id	: AuthenticAMD
cpu family	: 16
model		: 9
model name	: AMD Opteron(tm) Processor 6168
stepping	: 1
cpu MHz		: 1900.000
cache size	: 512 KB
physical id	: 4
siblings	: 12
core id		: 4
cpu cores	: 12
apicid		: 74
fpu		: yes
fpu_exception	: yes
cpuid level	: 5
wp		: yes
flags		: fpu vme de pse tsc msr pae mce cx8 apic sep mtrr pge mca cmov pat pse36 clflush mmx fxsr sse sse2 ht syscall nx mmxext fxsr_opt pdpe1gb rdtscp lm 3dnowext 3dnow rep_good constant_tsc nonstop_tsc amd_dcm pni cx16 popcnt lahf_lm cmp_legacy svm extapic cr8_legacy abm sse4a misalignsse 3dnowprefetch osvw ibs skinit wdt nodeid_msr
bogomips	: 3801.98
TLB size	: 1024 4K pages
clflush size	: 64
cache_alignment	: 64
address sizes	: 48 bits physical, 48 bits virtual
power management: ts ttp tm stc 100mhzsteps hwpstate [8]

processor	: 47
vendor_id	: AuthenticAMD
cpu family	: 16
model		: 9
model name	: AMD Opteron(tm) Processor 6168
stepping	: 1
cpu MHz		: 1900.000
cache size	: 512 KB
physical id	: 4
siblings	: 12
core id		: 5
cpu cores	: 12
apicid		: 75
fpu		: yes
fpu_exception	: yes
cpuid level	: 5
wp		: yes
flags		: fpu vme de pse tsc msr pae mce cx8 apic sep mtrr pge mca cmov pat pse36 clflush mmx fxsr sse sse2 ht syscall nx mmxext fxsr_opt pdpe1gb rdtscp lm 3dnowext 3dnow rep_good constant_tsc nonstop_tsc amd_dcm pni cx16 popcnt lahf_lm cmp_legacy svm extapic cr8_legacy abm sse4a misalignsse 3dnowprefetch osvw ibs skinit wdt nodeid_msr
bogomips	: 3804.86
TLB size	: 1024 4K pages
clflush size	: 64
cache_alignment	: 64
address sizes	: 48 bits physical, 48 bits virtual
power management: ts ttp tm stc 100mhzsteps hwpstate [8]



Memory: 4k page, physical 264285368k(236045352k free), swap 23438072k(23438072k free)

vm_info: Java HotSpot(TM) 64-Bit Server VM (23.7-b01) for linux-amd64 JRE (1.7.0_17-b02), built on Mar  1 2013 02:59:06 by "java_re" with gcc 4.3.0 20080428 (Red Hat 4.3.0-8)

time: Wed May 27 18:38:50 2015
elapsed time: 0 seconds

